 ❮onyr ★ nixos❯ ❮tdtsptw-ejor23❯❯ ./tdtsptw preprocess pw_constant 21 ./benchmarks/Rif20/sigma=100/n=21/cost_100_6_21_1.txt benchmarks/Rif20/TW_Ari18/n21_l6_sigma100/beta_50/tt01_tw04.tw benchmarks/Rif20/s/21_0
# ./tdtsptw preprocess pw_constant 21 ./benchmarks/Rif20/sigma=100/n=21/cost_100_6_21_1.txt benchmarks/Rif20/TW_Ari18/n21_l6_sigma100/beta_50/tt01_tw04.tw benchmarks/Rif20/s/21_0 
# Thu Aug 22 16:14:58 2024, MAX_SIZE=64, NDEBUG=1, omp_max_threads=20, hostname=nixos
# preprocess-tws=1, mem-limit-gb=64, subcommand=preprocess, instance_type=pw_constant
# n=21, make_fifo=1, timestep_duration=360, timestep_number=120
# Preprocessing time: 0.0004731s. - 199 RA, 124 PI (83 PI2, 0 PI3), (4, 2) TWT, 3 IT, LB=1664
Time windows, service times  : 
0 : [0;0], 0 (start)
1 : [911;2422], 0 
2 : [1835;4270], 0 
3 : [2514;5627], 0 
4 : [2834;6267], 0 
5 : [1584;3768], 0 
6 : [332;632], 0 
7 : [571;1515], 0 
8 : [1219;3038], 0 
9 : [1707;4013], 0 
10 : [3051;6702], 0 
11 : [1360;3319], 0 
12 : [666;1931], 0 
13 : [2080;4759], 0 
14 : [1493;3586], 0 
15 : [2301;5201], 0 
16 : [294;1188], 0 
17 : [328;829], 0 
18 : [783;2165], 0 
19 : [1075;2750], 0 
20 : [2648;5895], 0 
21 : [1664;7100], 0 (end)

R matrix : 
_ 1 1 1 1 1 1 1 1 1 1 1 1 1 1 1 1 1 1 1 1 1 
_ _ _ 1 1 _ _ _ _ _ 1 _ _ _ _ 1 _ _ _ _ 1 1 
_ _ _ _ _ _ _ _ _ _ _ _ _ _ _ _ _ _ _ _ _ 1 
_ _ _ _ _ _ _ _ _ _ _ _ _ _ _ _ _ _ _ _ _ 1 
_ _ _ _ _ _ _ _ _ _ _ _ _ _ _ _ _ _ _ _ _ 1 
_ _ _ _ _ _ _ _ _ _ _ _ _ _ _ _ _ _ _ _ _ 1 
_ 1 1 1 1 1 _ 1 1 1 1 1 1 1 1 1 _ _ 1 1 1 1 
_ _ 1 1 1 1 _ _ _ 1 1 _ _ 1 1 1 _ _ _ _ 1 1 
_ _ _ _ 1 _ _ _ _ _ 1 _ _ _ _ _ _ _ _ _ _ 1 
_ _ _ _ _ _ _ _ _ _ _ _ _ _ _ _ _ _ _ _ _ 1 
_ _ _ _ _ _ _ _ _ _ _ _ _ _ _ _ _ _ _ _ _ 1 
_ _ _ _ _ _ _ _ _ _ _ _ _ _ _ _ _ _ _ _ _ 1 
_ _ 1 1 1 _ _ _ _ 1 1 _ _ 1 _ 1 _ _ _ _ 1 1 
_ _ _ _ _ _ _ _ _ _ _ _ _ _ _ _ _ _ _ _ _ 1 
_ _ _ _ _ _ _ _ _ _ _ _ _ _ _ _ _ _ _ _ _ 1 
_ _ _ _ _ _ _ _ _ _ _ _ _ _ _ _ _ _ _ _ _ 1 
_ 1 1 1 1 1 _ _ 1 1 1 1 _ 1 1 1 _ _ _ 1 1 1 
_ 1 1 1 1 1 _ 1 1 1 1 1 1 1 1 1 _ _ 1 1 1 1 
_ _ _ 1 1 _ _ _ _ _ 1 _ _ 1 _ 1 _ _ _ _ 1 1 
_ _ _ _ 1 _ _ _ _ _ 1 _ _ _ _ 1 _ _ _ _ 1 1 
_ _ _ _ _ _ _ _ _ _ _ _ _ _ _ _ _ _ _ _ _ 1 
_ _ _ _ _ _ _ _ _ _ _ _ _ _ _ _ _ _ _ _ _ _ 

E matrix : 
_ _ _ _ _ _ 1 _ _ _ _ _ _ _ _ _ 1 1 _ _ _ _ 
_ _ 1 1 1 1 _ 1 1 1 1 1 1 1 1 1 _ _ 1 1 1 _ 
_ 1 _ 1 1 1 _ _ 1 1 1 1 _ 1 1 1 _ _ 1 1 1 1 
_ _ 1 _ 1 1 _ _ 1 1 1 1 _ 1 1 1 _ _ _ 1 1 1 
_ _ 1 1 _ 1 _ _ _ 1 1 1 _ 1 1 1 _ _ _ _ 1 1 
_ 1 1 1 1 _ _ _ 1 1 1 1 1 1 1 1 _ _ 1 1 1 1 
_ 1 _ _ _ _ _ 1 1 _ _ 1 1 _ _ _ 1 1 1 1 _ _ 
_ 1 1 1 1 1 _ _ 1 1 1 1 1 1 1 1 1 _ 1 1 1 _ 
_ 1 1 1 1 1 _ 1 _ 1 1 1 1 1 1 1 _ _ 1 1 1 _ 
_ 1 1 1 1 1 _ _ 1 _ 1 1 _ 1 1 1 _ _ 1 1 1 1 
_ _ 1 1 1 1 _ _ _ 1 _ 1 _ 1 1 1 _ _ _ _ 1 1 
_ 1 1 1 1 1 _ 1 1 1 1 _ 1 1 1 1 _ _ 1 1 1 1 
_ 1 1 1 1 1 _ 1 1 1 1 1 _ 1 1 1 1 _ 1 1 1 _ 
_ 1 1 1 1 1 _ _ 1 1 1 1 _ _ 1 1 _ _ _ 1 1 1 
_ 1 1 1 1 1 _ _ 1 1 1 1 1 1 _ 1 _ _ 1 1 1 1 
_ _ 1 1 1 1 _ _ 1 1 1 1 _ 1 1 _ _ _ _ _ 1 1 
_ 1 1 _ _ 1 1 1 1 1 _ 1 1 1 1 _ _ _ 1 1 _ _ 
_ 1 _ _ _ _ 1 1 1 _ _ 1 1 _ _ _ 1 _ 1 1 _ _ 
_ 1 1 1 1 1 _ 1 1 1 1 1 1 1 1 1 1 _ _ 1 1 _ 
_ 1 1 1 1 1 _ 1 1 1 1 1 1 1 1 1 _ _ 1 _ 1 _ 
_ _ 1 1 1 1 _ _ 1 1 1 1 _ 1 1 1 _ _ _ _ _ 1 
_ _ _ _ _ _ _ _ _ _ _ _ _ _ _ _ _ _ _ _ _ _ 

