 ❮onyr ★ nixos❯ ❮tdtsptw-ejor23❯❯ ./tdtsptw solve ACS pw_constant 21 ./benchmarks/Rif20/sigma=100/n=21/cost_100_6_21_1.txt benchmarks/Rif20/TW_Ari18/n21_l6_sigma100/beta_50/tt01_tw04.tw benchmarks/Rif20/s/21_0
# ./tdtsptw solve ACS pw_constant 21 ./benchmarks/Rif20/sigma=100/n=21/cost_100_6_21_1.txt benchmarks/Rif20/TW_Ari18/n21_l6_sigma100/beta_50/tt01_tw04.tw benchmarks/Rif20/s/21_0 
# Thu Aug 22 16:22:17 2024, MAX_SIZE=64, NDEBUG=1, omp_max_threads=20, hostname=nixos
# preprocess-tws=1, mem-limit-gb=64, subcommand=solve, algorithm=ACS, instance_type=pw_constant
# n=21, make_fifo=1, timestep_duration=360, timestep_number=120
# h=oia, tl=60, ls=1, process_tws=1, w=1, fewer-tl-checks=0
# Preprocessing time: 0.00145512s. - 199 RA, 124 PI (83 PI2, 0 PI3), (4, 2) TWT, 3 IT, LB=1664
# Precompute LB time: 0.00228048s.
(6776, 0, 0, (0.00897001, 0.010966, 0.002005))
(6606, 1, 3, (0.00897827, 0.010972, 0.002006), 'ls_1shift')
(6196, 1, 10, (0.00898527, 0.010978, 0.002007), 'ls_2opt')
(6008, 2, 12, (0.00898828, 0.01098, 0.002008), 'ls_1shift')
(5993, 2, 32, (0.0090038, 0.010994, 0.00201), 'ls_2opt')
(5976, 3, 77, (0.00903601, 0.011021, 0.002015), 'ls_1shift')
(5717, 3, 78, (0.00903841, 0.011023, 0.002016), 'ls_2opt')
(5674, 4, 81, (0.0090423, 0.011026, 0.002016), 'ls_1shift')
(5594, 4, 84, (0.00904613, 0.011029, 0.002017), 'ls_2opt')
(5497, 5, 86, (0.0090492, 0.011032, 0.002017), 'ls_1shift')
(5253, 5, 88, (0.0090522, 0.011035, 0.002018), 'ls_2opt')
(4889, 6, 90, (0.00905518, 0.011037, 0.002018), 'ls_1shift')
(4883, 6, 96, (0.00906152, 0.011042, 0.002019), 'ls_2opt')
(4865, 7, 106, (0.00907101, 0.01105, 0.002021), 'ls_1shift')
(4771, 7, 107, (0.00907385, 0.011053, 0.002021), 'ls_2opt')
(4756, 8, 113, (0.00908066, 0.011059, 0.002022), 'ls_1shift')
(4716, 8, 116, (0.00908481, 0.011062, 0.002023), 'ls_2opt')
(4549, 9, 134, (0.00910038, 0.011075, 0.002025), 'ls_1shift')
(4523, 9, 140, (0.00910691, 0.011081, 0.002026), 'ls_2opt')
(4503, 10, 162, (0.0091269, 0.011098, 0.002029), 'ls_1shift')
(3950, 10, 190, (0.00915226, 0.011119, 0.002033), 'ls_2opt')
(3946, 11, 193, (0.00915651, 0.011123, 0.002034), 'ls_1shift')
(3940, 11, 200, (0.009164, 0.011129, 0.002035), 'ls_2opt')
(3934, 12, 201, (0.0091668, 0.011131, 0.002035), 'ls_1shift')
(3928, 12, 202, (0.0091692, 0.011133, 0.002036), 'ls_2opt')
(3923, 13, 230, (0.00919551, 0.011156, 0.00204), 'ls_1shift')
(3824, 13, 291, (0.00924927, 0.011201, 0.002048), 'ls_2opt')
(3802, 14, 295, (0.00925457, 0.011206, 0.002049), 'ls_1shift')
(3714, 14, 299, (0.00925961, 0.01121, 0.00205), 'ls_2opt')
# Local search time: 0.000449684s. (503/1196, 15 IT)
# Preprocessing time: 0.000499806s. - 14 RA, 5 PI (1 PI2, 4 PI3), (0, 11) TWT, 3 IT, LB=1664
# Precompute LB time: 0.00137347s.
# Path : [0,16,6,17,1,7,8,14,18,12,19,5,9,2,15,11,20,10,3,13,4,21,]
(3709, 16, 232, (0.0115588, 0.013475, 0.002081))
# Local search time: 0.000122351s. (156/532, 1 IT)
# Preprocessing time: 0.00022684s. - 0 RA, 0 PI (0 PI2, 0 PI3), (0, 9) TWT, 2 IT, LB=1664
# Precompute LB time: 0.00137794s.
# Path : [0,6,17,12,16,1,7,11,8,14,18,5,19,13,15,2,9,20,10,3,4,21,]
(3700, 206, 2251, (0.0146583, 0.016571, 0.002081))
# Local search time: 0.000115647s. (149/532, 1 IT)
# Preprocessing time: 0.000306807s. - 11 RA, 3 PI (0 PI2, 3 PI3), (0, 9) TWT, 3 IT, LB=1664
# Precompute LB time: 0.00129578s.
# Path : [0,6,17,12,16,1,18,8,7,11,9,14,19,13,5,20,15,2,10,3,4,21,]
Complete(3700, 948, 5451, (0.0181905, 0.020098, 0.002081))
# Remaining states in queues : 
#        0        0        0        0        0        0        0        0        0        0        0        0        0        0        0        0        0        0        0        0        0 
# 0 total.
# Number of non-dominated states : 
#        1        3        3        5       10       30       68      139      240      329      424      613      857      924      728      407      224       74        2        2        1        1 
# 5085 total.
# VmPeak:	   7384 kB